
> @website/silea_nikolahristov_tech@0.0.1 prepublishOnly D:\Developer\Application\SouqRs\SileaJS\Website
> astro build

[31mWebSocket server error: Port is already in use[39m
00:09:02 [build] output: "static"
00:09:02 [build] directory: D:\Developer\Application\SouqRs\SileaJS\Website\Target\
00:09:02 [build] Collecting build info...
00:09:02 [build] ✓ Completed in 1.10s.
00:09:02 [build] Building static entrypoints...
00:09:11 [vite] [32m✓ built in 8.60s[39m
00:09:11 [build] ✓ Completed in 8.83s.

 building client (vite) 
00:09:11 [vite] transforming...
00:09:14 [vite] [32m✓[39m 25 modules transformed.
00:09:15 [vite] rendering chunks...
[plugin astro:prefetch] Sourcemap is likely to be incorrect: a plugin (astro:prefetch) was used to transform files, but didn't generate a sourcemap for the transformation. Consult the plugin documentation for help
[plugin astro:transitions] Sourcemap is likely to be incorrect: a plugin (astro:transitions) was used to transform files, but didn't generate a sourcemap for the transformation. Consult the plugin documentation for help
00:09:16 [vite] computing gzip size...
00:09:16 [vite] [2mTarget/[22m[36m_astro/Base.astro_astro_type_script_index_0_lang.BicVAlW7.js             [39m[1m[2m 1.44 kB[22m[1m[22m[2m │ gzip: 0.91 kB[22m[2m │ map:   0.77 kB[22m
00:09:16 [vite] [2mTarget/[22m[36m_astro/page.CY1iZwUD.js                                                  [39m[1m[2m 2.11 kB[22m[1m[22m[2m │ gzip: 1.07 kB[22m[2m │ map:   8.12 kB[22m
00:09:16 [vite] [2mTarget/[22m[36m_astro/ViewTransitions.astro_astro_type_script_index_0_lang.DnFK6dK7.js  [39m[1m[2m13.11 kB[22m[1m[22m[2m │ gzip: 4.62 kB[22m[2m │ map:  35.24 kB[22m
00:09:16 [vite] [2mTarget/[22m[36m_astro/index.esm.CDbocLk8.js                                             [39m[1m[2m39.52 kB[22m[1m[22m[2m │ gzip: 9.33 kB[22m[2m │ map: 197.09 kB[22m
00:09:16 [vite] [32m✓ built in 4.72s[39m

 generating static routes 
00:09:16 ▶ Source/pages/index.astro
00:09:16   └─ /index.html (+333ms)
00:09:16 ✓ Completed in 518ms.

00:09:17 [@astrojs/sitemap] `sitemap-index.xml` created at `Target`
Successfully inlined a total of 1 HTML file.
Successfully formatted a total of 4 JavaScript and TypeScript files.

 Compress 
✓ Successfully compressed a total of 1 CSS file for 65 Bytes.
✓ Successfully compressed a total of 1 HTML file for 277 Bytes.
00:09:23 [build] Waiting for integration "@playform/compress", hook "astro:build:done"...
✓ Successfully compressed a total of 3 JavaScript files for 24.54 KB.
✓ Successfully compressed a total of 1 SVG file for 88 Bytes.
00:09:23 [build] 1 page(s) built in 21.83s
00:09:23 [build] Complete!
